<?xml version="1.0" encoding="UTF-8"?>
<!-- Generated by org.testng.reporters.JUnitReportReporter -->
<testsuite hostname="GurvinderD" name="com.webtest.webdrivertestngdemo" tests="1" failures="0" timestamp="14 Apr 2014 15:10:05 GMT" time="24.595" errors="0">
  <testcase name="testBookFlightTestNG" time="24.595" classname="com.webtest.webdrivertestngdemo"/>
</testsuite> <!-- com.webtest.webdrivertestngdemo -->
